Using pre-set license
Built from '2020.3/staging' branch; Version is '2020.3.9f1 (108be757e447) revision 1084391'; Using compiler version '192528614'; Build Type 'Release'
OS: 'Windows 10 Pro; OS build 19042.985; Version 2009; 64bit' Language: 'de' Physical Memory: 16256 MB
BatchMode: 1, IsHumanControllingUs: 0, StartBugReporterOnCrash: 0, Is64bit: 1, IsPro: 0

 COMMAND LINE ARGUMENTS:
G:\Unity Editors\2020.3.9f1\Editor\Unity.exe
-adb2
-batchMode
-noUpm
-name
AssetImportWorker0
-projectPath
F:/Daten/Unity/Projects/PPS-AR-Plant
-logFile
Logs/AssetImportWorker0.log
-srvPort
51320
Successfully changed project path to: F:/Daten/Unity/Projects/PPS-AR-Plant
F:/Daten/Unity/Projects/PPS-AR-Plant
Using Asset Import Pipeline V2.
Refreshing native plugins compatible for Editor in 42.36 ms, found 0 plugins.
Preloading 0 native plugins for Editor in 0.00 ms.
Initialize engine version: 2020.3.9f1 (108be757e447)
[Subsystems] Discovering subsystems at path G:/Unity Editors/2020.3.9f1/Editor/Data/Resources/UnitySubsystems
[Subsystems] Discovering subsystems at path F:/Daten/Unity/Projects/PPS-AR-Plant/Assets
GfxDevice: creating device client; threaded=0
Direct3D:
    Version:  Direct3D 11.0 [level 11.0]
    Renderer: NVIDIA GeForce GTX 750 (ID=0x1381)
    Vendor:   
    VRAM:     984 MB
    Driver:   27.21.14.6627
Initialize mono
Mono path[0] = 'G:/Unity Editors/2020.3.9f1/Editor/Data/Managed'
Mono path[1] = 'G:/Unity Editors/2020.3.9f1/Editor/Data/MonoBleedingEdge/lib/mono/unityjit'
Mono config path = 'G:/Unity Editors/2020.3.9f1/Editor/Data/MonoBleedingEdge/etc'
Using monoOptions --debugger-agent=transport=dt_socket,embedding=1,server=y,suspend=n,address=127.0.0.1:56408
Begin MonoManager ReloadAssembly
Registering precompiled unity dll's ...
Register platform support module: G:/Unity Editors/2020.3.9f1/Editor/Data/PlaybackEngines/WebGLSupport/UnityEditor.WebGL.Extensions.dll
Register platform support module: G:/Unity Editors/2020.3.9f1/Editor/Data/PlaybackEngines/WindowsStandaloneSupport/UnityEditor.WindowsStandalone.Extensions.dll
Registered in 0.001648 seconds.
Native extension for WindowsStandalone target not found
Native extension for WebGL target not found
Refreshing native plugins compatible for Editor in 33.55 ms, found 0 plugins.
Preloading 0 native plugins for Editor in 0.00 ms.
Mono: successfully reloaded assembly
- Completed reload, in  4.031 seconds
Platform modules already initialized, skipping
Registering precompiled user dll's ...
Registered in 0.000760 seconds.
Begin MonoManager ReloadAssembly
Native extension for WindowsStandalone target not found
Native extension for WebGL target not found
Refreshing native plugins compatible for Editor in 0.42 ms, found 0 plugins.
Preloading 0 native plugins for Editor in 0.00 ms.
Mono: successfully reloaded assembly
- Completed reload, in  1.337 seconds
Platform modules already initialized, skipping
========================================================================
Worker process is ready to serve import requests
Launched and connected shader compiler UnityShaderCompiler.exe after 0.06 seconds
Refreshing native plugins compatible for Editor in 0.28 ms, found 0 plugins.
Preloading 0 native plugins for Editor in 0.00 ms.
Unloading 1463 Unused Serialized files (Serialized files now loaded: 0)
System memory in use before: 67.5 MB.
System memory in use after: 67.5 MB.

Unloading 12 unused Assets to reduce memory usage. Loaded Objects now: 1904.
Total: 1.842700 ms (FindLiveObjects: 0.160500 ms CreateObjectMapping: 0.047000 ms MarkObjects: 1.550400 ms  DeleteObjects: 0.083700 ms)

========================================================================
Received Import Request.
  path: Assets/Scripts/ImageTracker.cs
  artifactKey: Guid(8da4d29f0f67c544f9be1b51c3366ded) Importer(815301076,1909f56bfc062723c751e8b465ee728b)
Start importing Assets/Scripts/ImageTracker.cs using Guid(8da4d29f0f67c544f9be1b51c3366ded) Importer(815301076,1909f56bfc062723c751e8b465ee728b)  -> (artifact id: 'a1c824174af164f9d7577c17b83897ee') in 0.059867 seconds
  Import took 0.062639 seconds .

========================================================================
Received Import Request.
  Time since last request: 161.008925 seconds.
  path: Assets/Scenes
  artifactKey: Guid(cf82ad781c5154d4e8558c505d7ea793) Importer(815301076,1909f56bfc062723c751e8b465ee728b)
Start importing Assets/Scenes using Guid(cf82ad781c5154d4e8558c505d7ea793) Importer(815301076,1909f56bfc062723c751e8b465ee728b)  -> (artifact id: 'c48f601424f0da1553114c036db266d0') in 0.003461 seconds
  Import took 0.006824 seconds .

========================================================================
Received Import Request.
  Time since last request: 2.760577 seconds.
  path: Assets/XR/Settings
  artifactKey: Guid(d9397d5e804beda4c986028c0442e29d) Importer(815301076,1909f56bfc062723c751e8b465ee728b)
Start importing Assets/XR/Settings using Guid(d9397d5e804beda4c986028c0442e29d) Importer(815301076,1909f56bfc062723c751e8b465ee728b)  -> (artifact id: '3133f8038860702379e820285017f0a3') in 0.046261 seconds
  Import took 0.051226 seconds .

========================================================================
Received Import Request.
  Time since last request: 2.731523 seconds.
  path: Assets/XR/Loaders
  artifactKey: Guid(3bf5efcbbd61237409b1021d088b4cc5) Importer(815301076,1909f56bfc062723c751e8b465ee728b)
Start importing Assets/XR/Loaders using Guid(3bf5efcbbd61237409b1021d088b4cc5) Importer(815301076,1909f56bfc062723c751e8b465ee728b)  -> (artifact id: 'a30f91984004568e4cab2bf5b1a594ca') in 0.003363 seconds
  Import took 0.006188 seconds .

========================================================================
Received Import Request.
  Time since last request: 11.392855 seconds.
  path: Packages/com.unity.xr.arfoundation/Tests
  artifactKey: Guid(bbc970fb209dd41d6970da4a87b976e0) Importer(815301076,1909f56bfc062723c751e8b465ee728b)
Start importing Packages/com.unity.xr.arfoundation/Tests using Guid(bbc970fb209dd41d6970da4a87b976e0) Importer(815301076,1909f56bfc062723c751e8b465ee728b)  -> (artifact id: 'e1bd3c1cfd3f3fe6e54e76655a41c9c0') in 0.022861 seconds
  Import took 0.025447 seconds .

========================================================================
Received Prepare
Registering precompiled user dll's ...
Registered in 0.000787 seconds.
Begin MonoManager ReloadAssembly
Native extension for WindowsStandalone target not found
Native extension for WebGL target not found
Refreshing native plugins compatible for Editor in 0.27 ms, found 0 plugins.
Preloading 0 native plugins for Editor in 0.00 ms.
Mono: successfully reloaded assembly
- Completed reload, in  0.948 seconds
Platform modules already initialized, skipping
Switching build target platform(19) subTarget(0) extendedPlatform(0) -> platform(13) subTarget(524288) extendedPlatform(0)
Refreshing native plugins compatible for Editor in 0.33 ms, found 0 plugins.
Preloading 0 native plugins for Editor in 0.00 ms.
Unloading 1457 Unused Serialized files (Serialized files now loaded: 0)
System memory in use before: 67.2 MB.
System memory in use after: 67.3 MB.

Unloading 7 unused Assets to reduce memory usage. Loaded Objects now: 1908.
Total: 2.295400 ms (FindLiveObjects: 0.222600 ms CreateObjectMapping: 0.095900 ms MarkObjects: 1.846300 ms  DeleteObjects: 0.116300 ms)

AssetImportParameters requested are different than current active one (requested -> active):
  custom:graphics/normal-map-encoding: 01000000000000000000000000000000 -> 02000000000000000000000000000000
========================================================================
Received Prepare
Registering precompiled user dll's ...
Registered in 0.000736 seconds.
Begin MonoManager ReloadAssembly
Native extension for WindowsStandalone target not found
Native extension for WebGL target not found
Refreshing native plugins compatible for Editor in 0.27 ms, found 0 plugins.
Preloading 0 native plugins for Editor in 0.00 ms.
Mono: successfully reloaded assembly
- Completed reload, in  0.978 seconds
Platform modules already initialized, skipping
Switching build target platform(19) subTarget(0) extendedPlatform(0) -> platform(13) subTarget(524288) extendedPlatform(0)
Refreshing native plugins compatible for Editor in 0.31 ms, found 0 plugins.
Preloading 0 native plugins for Editor in 0.00 ms.
Unloading 1457 Unused Serialized files (Serialized files now loaded: 0)
System memory in use before: 67.2 MB.
System memory in use after: 67.3 MB.

Unloading 7 unused Assets to reduce memory usage. Loaded Objects now: 1912.
Total: 1.971900 ms (FindLiveObjects: 0.286800 ms CreateObjectMapping: 0.065300 ms MarkObjects: 1.560600 ms  DeleteObjects: 0.057800 ms)

AssetImportParameters requested are different than current active one (requested -> active):
  custom:graphics/normal-map-encoding: 01000000000000000000000000000000 -> 02000000000000000000000000000000
========================================================================
Received Import Request.
  Time since last request: 416.858388 seconds.
  path: Assets/Prefab/Cube.prefab
  artifactKey: Guid(4bef13aeab861594e84b2a812f2a6c9d) Importer(815301076,1909f56bfc062723c751e8b465ee728b)
Start importing Assets/Prefab/Cube.prefab using Guid(4bef13aeab861594e84b2a812f2a6c9d) Importer(815301076,1909f56bfc062723c751e8b465ee728b)  -> (artifact id: '8d08acab0fed5893af2d78f2eae6258a') in 0.341450 seconds
  Import took 0.344386 seconds .

========================================================================
Received Prepare
Refreshing native plugins compatible for Editor in 0.76 ms, found 0 plugins.
Preloading 0 native plugins for Editor in 0.00 ms.
Unloading 4 Unused Serialized files (Serialized files now loaded: 0)
System memory in use before: 41.6 MB.
System memory in use after: 41.7 MB.

Unloading 4 unused Assets to reduce memory usage. Loaded Objects now: 1921.
Total: 2.719700 ms (FindLiveObjects: 0.150200 ms CreateObjectMapping: 0.048700 ms MarkObjects: 2.465200 ms  DeleteObjects: 0.054800 ms)

========================================================================
Received Import Request.
  Time since last request: 570.272780 seconds.
  path: Assets/Prefab/Cube.prefab
  artifactKey: Guid(4bef13aeab861594e84b2a812f2a6c9d) Importer(815301076,1909f56bfc062723c751e8b465ee728b)
Start importing Assets/Prefab/Cube.prefab using Guid(4bef13aeab861594e84b2a812f2a6c9d) Importer(815301076,1909f56bfc062723c751e8b465ee728b)  -> (artifact id: 'f92b3abdfa9a0ec51189a454b1027c63') in 0.016217 seconds
  Import took 0.019660 seconds .

========================================================================
Received Import Request.
  Time since last request: 0.005841 seconds.
  path: Assets/Prefab/Cube.prefab
  artifactKey: Guid(4bef13aeab861594e84b2a812f2a6c9d) Importer(815301076,1909f56bfc062723c751e8b465ee728b)
Start importing Assets/Prefab/Cube.prefab using Guid(4bef13aeab861594e84b2a812f2a6c9d) Importer(815301076,1909f56bfc062723c751e8b465ee728b)  -> (artifact id: 'f92b3abdfa9a0ec51189a454b1027c63') in 0.010805 seconds
  Import took 0.014474 seconds .

========================================================================
Received Import Request.
  Time since last request: 1.948950 seconds.
  path: Assets/Prefab/Cube.prefab
  artifactKey: Guid(4bef13aeab861594e84b2a812f2a6c9d) Importer(815301076,1909f56bfc062723c751e8b465ee728b)
Start importing Assets/Prefab/Cube.prefab using Guid(4bef13aeab861594e84b2a812f2a6c9d) Importer(815301076,1909f56bfc062723c751e8b465ee728b)  -> (artifact id: '3b083bfb2f695d1f47782f70648cc42f') in 0.010783 seconds
  Import took 0.014445 seconds .

========================================================================
Received Import Request.
  Time since last request: 0.014045 seconds.
  path: Assets/Prefab/Cube.prefab
  artifactKey: Guid(4bef13aeab861594e84b2a812f2a6c9d) Importer(815301076,1909f56bfc062723c751e8b465ee728b)
Start importing Assets/Prefab/Cube.prefab using Guid(4bef13aeab861594e84b2a812f2a6c9d) Importer(815301076,1909f56bfc062723c751e8b465ee728b)  -> (artifact id: '3b083bfb2f695d1f47782f70648cc42f') in 0.010535 seconds
  Import took 0.013547 seconds .

========================================================================
Received Import Request.
  Time since last request: 0.567554 seconds.
  path: Assets/Prefab/Cube.prefab
  artifactKey: Guid(4bef13aeab861594e84b2a812f2a6c9d) Importer(815301076,1909f56bfc062723c751e8b465ee728b)
Start importing Assets/Prefab/Cube.prefab using Guid(4bef13aeab861594e84b2a812f2a6c9d) Importer(815301076,1909f56bfc062723c751e8b465ee728b)  -> (artifact id: '961aa3d70c8149e4d11f1707dc49620f') in 0.010383 seconds
  Import took 0.013578 seconds .

========================================================================
Received Import Request.
  Time since last request: 0.011725 seconds.
  path: Assets/Prefab/Cube.prefab
  artifactKey: Guid(4bef13aeab861594e84b2a812f2a6c9d) Importer(815301076,1909f56bfc062723c751e8b465ee728b)
Start importing Assets/Prefab/Cube.prefab using Guid(4bef13aeab861594e84b2a812f2a6c9d) Importer(815301076,1909f56bfc062723c751e8b465ee728b)  -> (artifact id: '961aa3d70c8149e4d11f1707dc49620f') in 0.008854 seconds
  Import took 0.011499 seconds .

========================================================================
Received Prepare
Refreshing native plugins compatible for Editor in 1.06 ms, found 0 plugins.
Preloading 0 native plugins for Editor in 0.00 ms.
Unloading 3 Unused Serialized files (Serialized files now loaded: 0)
System memory in use before: 41.5 MB.
System memory in use after: 41.6 MB.

Unloading 4 unused Assets to reduce memory usage. Loaded Objects now: 1921.
Total: 2.879300 ms (FindLiveObjects: 0.155900 ms CreateObjectMapping: 0.049400 ms MarkObjects: 2.606800 ms  DeleteObjects: 0.066100 ms)

========================================================================
Received Prepare
Registering precompiled user dll's ...
Registered in 0.000777 seconds.
Begin MonoManager ReloadAssembly
Native extension for WindowsStandalone target not found
Native extension for WebGL target not found
Refreshing native plugins compatible for Editor in 0.27 ms, found 0 plugins.
Preloading 0 native plugins for Editor in 0.00 ms.
Mono: successfully reloaded assembly
- Completed reload, in  0.882 seconds
Platform modules already initialized, skipping
Switching build target platform(19) subTarget(0) extendedPlatform(0) -> platform(13) subTarget(524288) extendedPlatform(0)
Refreshing native plugins compatible for Editor in 0.27 ms, found 0 plugins.
Preloading 0 native plugins for Editor in 0.00 ms.
Unloading 1456 Unused Serialized files (Serialized files now loaded: 0)
System memory in use before: 70.3 MB.
System memory in use after: 70.4 MB.

Unloading 6 unused Assets to reduce memory usage. Loaded Objects now: 1925.
Total: 1.974700 ms (FindLiveObjects: 0.139600 ms CreateObjectMapping: 0.039500 ms MarkObjects: 1.672500 ms  DeleteObjects: 0.122100 ms)

AssetImportParameters requested are different than current active one (requested -> active):
  custom:graphics/normal-map-encoding: 01000000000000000000000000000000 -> 02000000000000000000000000000000
========================================================================
Received Prepare
Refreshing native plugins compatible for Editor in 1.46 ms, found 0 plugins.
Preloading 0 native plugins for Editor in 0.00 ms.
Unloading 3 Unused Serialized files (Serialized files now loaded: 0)
System memory in use before: 41.3 MB.
System memory in use after: 41.4 MB.

Unloading 3 unused Assets to reduce memory usage. Loaded Objects now: 1925.
Total: 2.851000 ms (FindLiveObjects: 0.180600 ms CreateObjectMapping: 0.060100 ms MarkObjects: 2.486200 ms  DeleteObjects: 0.122500 ms)

========================================================================
Received Import Request.
  Time since last request: 283.447372 seconds.
  path: Assets/Scripts/ImageTracker.cs
  artifactKey: Guid(8da4d29f0f67c544f9be1b51c3366ded) Importer(815301076,1909f56bfc062723c751e8b465ee728b)
Start importing Assets/Scripts/ImageTracker.cs using Guid(8da4d29f0f67c544f9be1b51c3366ded) Importer(815301076,1909f56bfc062723c751e8b465ee728b)  -> (artifact id: '3e2825d0340a318a51fe35dc254b2cb6') in 0.002508 seconds
  Import took 0.005160 seconds .

========================================================================
Received Import Request.
  Time since last request: 0.001440 seconds.
  path: Assets/Scripts/ImageTracker.cs
  artifactKey: Guid(8da4d29f0f67c544f9be1b51c3366ded) Importer(815301076,1909f56bfc062723c751e8b465ee728b)
Start importing Assets/Scripts/ImageTracker.cs using Guid(8da4d29f0f67c544f9be1b51c3366ded) Importer(815301076,1909f56bfc062723c751e8b465ee728b)  -> (artifact id: '3e2825d0340a318a51fe35dc254b2cb6') in 0.002240 seconds
  Import took 0.005234 seconds .

========================================================================
Received Prepare
Refreshing native plugins compatible for Editor in 0.74 ms, found 0 plugins.
Preloading 0 native plugins for Editor in 0.00 ms.
Unloading 3 Unused Serialized files (Serialized files now loaded: 0)
System memory in use before: 41.3 MB.
System memory in use after: 41.4 MB.

Unloading 3 unused Assets to reduce memory usage. Loaded Objects now: 1925.
Total: 2.258600 ms (FindLiveObjects: 0.184800 ms CreateObjectMapping: 0.050000 ms MarkObjects: 1.921400 ms  DeleteObjects: 0.101600 ms)

========================================================================
Received Prepare
Refreshing native plugins compatible for Editor in 0.69 ms, found 0 plugins.
Preloading 0 native plugins for Editor in 0.00 ms.
Unloading 3 Unused Serialized files (Serialized files now loaded: 0)
System memory in use before: 41.3 MB.
System memory in use after: 41.4 MB.

Unloading 3 unused Assets to reduce memory usage. Loaded Objects now: 1925.
Total: 2.403800 ms (FindLiveObjects: 0.165800 ms CreateObjectMapping: 0.048500 ms MarkObjects: 2.096800 ms  DeleteObjects: 0.091700 ms)

========================================================================
Received Prepare
Registering precompiled user dll's ...
Registered in 0.000680 seconds.
Begin MonoManager ReloadAssembly
Native extension for WindowsStandalone target not found
Native extension for WebGL target not found
Refreshing native plugins compatible for Editor in 0.50 ms, found 0 plugins.
Preloading 0 native plugins for Editor in 0.00 ms.
Mono: successfully reloaded assembly
- Completed reload, in  0.914 seconds
Platform modules already initialized, skipping
Switching build target platform(19) subTarget(0) extendedPlatform(0) -> platform(13) subTarget(524288) extendedPlatform(0)
Refreshing native plugins compatible for Editor in 0.28 ms, found 0 plugins.
Preloading 0 native plugins for Editor in 0.00 ms.
Unloading 1456 Unused Serialized files (Serialized files now loaded: 0)
System memory in use before: 70.4 MB.
System memory in use after: 70.5 MB.

Unloading 6 unused Assets to reduce memory usage. Loaded Objects now: 1929.
Total: 1.784200 ms (FindLiveObjects: 0.169400 ms CreateObjectMapping: 0.046800 ms MarkObjects: 1.513500 ms  DeleteObjects: 0.053000 ms)

AssetImportParameters requested are different than current active one (requested -> active):
  custom:graphics/normal-map-encoding: 01000000000000000000000000000000 -> 02000000000000000000000000000000
========================================================================
Received Prepare
Registering precompiled user dll's ...
Registered in 0.000954 seconds.
Begin MonoManager ReloadAssembly
Native extension for WindowsStandalone target not found
Native extension for WebGL target not found
Refreshing native plugins compatible for Editor in 0.27 ms, found 0 plugins.
Preloading 0 native plugins for Editor in 0.00 ms.
Mono: successfully reloaded assembly
- Completed reload, in  0.896 seconds
Platform modules already initialized, skipping
Switching build target platform(19) subTarget(0) extendedPlatform(0) -> platform(13) subTarget(524288) extendedPlatform(0)
Refreshing native plugins compatible for Editor in 0.28 ms, found 0 plugins.
Preloading 0 native plugins for Editor in 0.00 ms.
Unloading 1456 Unused Serialized files (Serialized files now loaded: 0)
System memory in use before: 70.4 MB.
System memory in use after: 70.5 MB.

Unloading 7 unused Assets to reduce memory usage. Loaded Objects now: 1932.
Total: 2.240500 ms (FindLiveObjects: 0.191100 ms CreateObjectMapping: 0.056500 ms MarkObjects: 1.889200 ms  DeleteObjects: 0.102800 ms)

AssetImportParameters requested are different than current active one (requested -> active):
  custom:graphics/normal-map-encoding: 01000000000000000000000000000000 -> 02000000000000000000000000000000
========================================================================
Received Prepare
Refreshing native plugins compatible for Editor in 0.80 ms, found 0 plugins.
Preloading 0 native plugins for Editor in 0.00 ms.
Unloading 4 Unused Serialized files (Serialized files now loaded: 0)
System memory in use before: 41.5 MB.
System memory in use after: 41.6 MB.

Unloading 3 unused Assets to reduce memory usage. Loaded Objects now: 1933.
Total: 1.975600 ms (FindLiveObjects: 0.267000 ms CreateObjectMapping: 0.067100 ms MarkObjects: 1.561800 ms  DeleteObjects: 0.078800 ms)

========================================================================
Received Prepare
Refreshing native plugins compatible for Editor in 0.81 ms, found 0 plugins.
Preloading 0 native plugins for Editor in 0.00 ms.
Unloading 3 Unused Serialized files (Serialized files now loaded: 0)
System memory in use before: 41.4 MB.
System memory in use after: 41.5 MB.

Unloading 3 unused Assets to reduce memory usage. Loaded Objects now: 1933.
Total: 2.375400 ms (FindLiveObjects: 0.188500 ms CreateObjectMapping: 0.047400 ms MarkObjects: 2.067300 ms  DeleteObjects: 0.071400 ms)

========================================================================
Received Import Request.
  Time since last request: 1233.421094 seconds.
  path: Assets/ReferenceImageLibrary.asset
  artifactKey: Guid(6ee691a96b1f23c459d5a8d58a629e0c) Importer(815301076,1909f56bfc062723c751e8b465ee728b)
Start importing Assets/ReferenceImageLibrary.asset using Guid(6ee691a96b1f23c459d5a8d58a629e0c) Importer(815301076,1909f56bfc062723c751e8b465ee728b)  -> (artifact id: 'ed785483801251b6a95193ef448fab90') in 0.024546 seconds
  Import took 0.028026 seconds .

========================================================================
Received Prepare
Refreshing native plugins compatible for Editor in 0.68 ms, found 0 plugins.
Preloading 0 native plugins for Editor in 0.00 ms.
Unloading 3 Unused Serialized files (Serialized files now loaded: 0)
System memory in use before: 41.5 MB.
System memory in use after: 41.6 MB.

Unloading 3 unused Assets to reduce memory usage. Loaded Objects now: 1933.
Total: 2.546800 ms (FindLiveObjects: 0.165900 ms CreateObjectMapping: 0.051500 ms MarkObjects: 2.263900 ms  DeleteObjects: 0.064400 ms)

========================================================================
Received Import Request.
  Time since last request: 1588.810745 seconds.
  path: Assets/Scripts/ImageTracker1.cs
  artifactKey: Guid(2584e243a51ec8249b3385c0d5a31569) Importer(815301076,1909f56bfc062723c751e8b465ee728b)
Start importing Assets/Scripts/ImageTracker1.cs using Guid(2584e243a51ec8249b3385c0d5a31569) Importer(815301076,1909f56bfc062723c751e8b465ee728b)  -> (artifact id: 'c5475309a51a3a780c15d5aed13c8cb3') in 0.008990 seconds
  Import took 0.015030 seconds .

========================================================================
Received Prepare
Registering precompiled user dll's ...
Registered in 0.000780 seconds.
Begin MonoManager ReloadAssembly
Native extension for WindowsStandalone target not found
Native extension for WebGL target not found
Refreshing native plugins compatible for Editor in 0.28 ms, found 0 plugins.
Preloading 0 native plugins for Editor in 0.00 ms.
Mono: successfully reloaded assembly
- Completed reload, in  0.905 seconds
Platform modules already initialized, skipping
Switching build target platform(19) subTarget(0) extendedPlatform(0) -> platform(13) subTarget(524288) extendedPlatform(0)
Refreshing native plugins compatible for Editor in 0.30 ms, found 0 plugins.
Preloading 0 native plugins for Editor in 0.00 ms.
Unloading 1457 Unused Serialized files (Serialized files now loaded: 0)
System memory in use before: 70.4 MB.
System memory in use after: 70.5 MB.

Unloading 6 unused Assets to reduce memory usage. Loaded Objects now: 1938.
Total: 2.130800 ms (FindLiveObjects: 0.156800 ms CreateObjectMapping: 0.157300 ms MarkObjects: 1.723400 ms  DeleteObjects: 0.092200 ms)

AssetImportParameters requested are different than current active one (requested -> active):
  custom:graphics/normal-map-encoding: 01000000000000000000000000000000 -> 02000000000000000000000000000000
========================================================================
Received Prepare
Registering precompiled user dll's ...
Registered in 0.000800 seconds.
Begin MonoManager ReloadAssembly
Native extension for WindowsStandalone target not found
Native extension for WebGL target not found
Refreshing native plugins compatible for Editor in 0.37 ms, found 0 plugins.
Preloading 0 native plugins for Editor in 0.00 ms.
Mono: successfully reloaded assembly
- Completed reload, in  1.461 seconds
Platform modules already initialized, skipping
Switching build target platform(19) subTarget(0) extendedPlatform(0) -> platform(13) subTarget(524288) extendedPlatform(0)
Refreshing native plugins compatible for Editor in 0.82 ms, found 0 plugins.
Preloading 0 native plugins for Editor in 0.00 ms.
Unloading 1456 Unused Serialized files (Serialized files now loaded: 0)
System memory in use before: 70.4 MB.
System memory in use after: 70.5 MB.

Unloading 7 unused Assets to reduce memory usage. Loaded Objects now: 1941.
Total: 2.345400 ms (FindLiveObjects: 0.185700 ms CreateObjectMapping: 0.048900 ms MarkObjects: 2.039700 ms  DeleteObjects: 0.069300 ms)

AssetImportParameters requested are different than current active one (requested -> active):
  custom:graphics/normal-map-encoding: 01000000000000000000000000000000 -> 02000000000000000000000000000000
========================================================================
Received Prepare
Registering precompiled user dll's ...
Registered in 0.000828 seconds.
Begin MonoManager ReloadAssembly
Native extension for WindowsStandalone target not found
Native extension for WebGL target not found
Refreshing native plugins compatible for Editor in 0.43 ms, found 0 plugins.
Preloading 0 native plugins for Editor in 0.00 ms.
Mono: successfully reloaded assembly
- Completed reload, in  0.975 seconds
Platform modules already initialized, skipping
Switching build target platform(19) subTarget(0) extendedPlatform(0) -> platform(13) subTarget(524288) extendedPlatform(0)
Refreshing native plugins compatible for Editor in 0.43 ms, found 0 plugins.
Preloading 0 native plugins for Editor in 0.00 ms.
Unloading 1456 Unused Serialized files (Serialized files now loaded: 0)
System memory in use before: 70.4 MB.
System memory in use after: 70.5 MB.

Unloading 6 unused Assets to reduce memory usage. Loaded Objects now: 1945.
Total: 1.840400 ms (FindLiveObjects: 0.240100 ms CreateObjectMapping: 0.050400 ms MarkObjects: 1.457700 ms  DeleteObjects: 0.090500 ms)

AssetImportParameters requested are different than current active one (requested -> active):
  custom:graphics/normal-map-encoding: 01000000000000000000000000000000 -> 02000000000000000000000000000000
========================================================================
Received Prepare
Refreshing native plugins compatible for Editor in 0.77 ms, found 0 plugins.
Preloading 0 native plugins for Editor in 0.00 ms.
Unloading 3 Unused Serialized files (Serialized files now loaded: 0)
System memory in use before: 41.4 MB.
System memory in use after: 41.5 MB.

Unloading 3 unused Assets to reduce memory usage. Loaded Objects now: 1945.
Total: 2.046000 ms (FindLiveObjects: 0.153900 ms CreateObjectMapping: 0.046400 ms MarkObjects: 1.770200 ms  DeleteObjects: 0.074600 ms)

========================================================================
Received Prepare
Registering precompiled user dll's ...
Registered in 0.000748 seconds.
Begin MonoManager ReloadAssembly
Native extension for WindowsStandalone target not found
Native extension for WebGL target not found
Refreshing native plugins compatible for Editor in 0.29 ms, found 0 plugins.
Preloading 0 native plugins for Editor in 0.00 ms.
Mono: successfully reloaded assembly
- Completed reload, in  1.237 seconds
Platform modules already initialized, skipping
Switching build target platform(19) subTarget(0) extendedPlatform(0) -> platform(13) subTarget(524288) extendedPlatform(0)
Refreshing native plugins compatible for Editor in 0.28 ms, found 0 plugins.
Preloading 0 native plugins for Editor in 0.00 ms.
Unloading 1456 Unused Serialized files (Serialized files now loaded: 0)
System memory in use before: 70.4 MB.
System memory in use after: 70.5 MB.

Unloading 6 unused Assets to reduce memory usage. Loaded Objects now: 1949.
Total: 2.192100 ms (FindLiveObjects: 0.165200 ms CreateObjectMapping: 0.042900 ms MarkObjects: 1.905600 ms  DeleteObjects: 0.077500 ms)

AssetImportParameters requested are different than current active one (requested -> active):
  custom:graphics/normal-map-encoding: 01000000000000000000000000000000 -> 02000000000000000000000000000000
========================================================================
Received Prepare
Refreshing native plugins compatible for Editor in 1.59 ms, found 0 plugins.
Preloading 0 native plugins for Editor in 0.00 ms.
Unloading 3 Unused Serialized files (Serialized files now loaded: 0)
System memory in use before: 41.4 MB.
System memory in use after: 41.5 MB.

Unloading 3 unused Assets to reduce memory usage. Loaded Objects now: 1949.
Total: 1.862500 ms (FindLiveObjects: 0.165500 ms CreateObjectMapping: 0.052900 ms MarkObjects: 1.591800 ms  DeleteObjects: 0.051400 ms)

========================================================================
Received Prepare
Registering precompiled user dll's ...
Registered in 0.002267 seconds.
Begin MonoManager ReloadAssembly
Native extension for WindowsStandalone target not found
Native extension for WebGL target not found
Refreshing native plugins compatible for Editor in 0.30 ms, found 0 plugins.
Preloading 0 native plugins for Editor in 0.00 ms.
Mono: successfully reloaded assembly
- Completed reload, in  0.897 seconds
Platform modules already initialized, skipping
Switching build target platform(19) subTarget(0) extendedPlatform(0) -> platform(13) subTarget(524288) extendedPlatform(0)
Refreshing native plugins compatible for Editor in 0.27 ms, found 0 plugins.
Preloading 0 native plugins for Editor in 0.00 ms.
Unloading 1456 Unused Serialized files (Serialized files now loaded: 0)
System memory in use before: 70.5 MB.
System memory in use after: 70.5 MB.

Unloading 6 unused Assets to reduce memory usage. Loaded Objects now: 1953.
Total: 1.836900 ms (FindLiveObjects: 0.173600 ms CreateObjectMapping: 0.059300 ms MarkObjects: 1.552100 ms  DeleteObjects: 0.050800 ms)

AssetImportParameters requested are different than current active one (requested -> active):
  custom:graphics/normal-map-encoding: 01000000000000000000000000000000 -> 02000000000000000000000000000000
========================================================================
Received Prepare
Refreshing native plugins compatible for Editor in 0.82 ms, found 0 plugins.
Preloading 0 native plugins for Editor in 0.00 ms.
Unloading 3 Unused Serialized files (Serialized files now loaded: 0)
System memory in use before: 41.4 MB.
System memory in use after: 41.5 MB.

Unloading 3 unused Assets to reduce memory usage. Loaded Objects now: 1953.
Total: 2.553700 ms (FindLiveObjects: 0.182600 ms CreateObjectMapping: 0.052500 ms MarkObjects: 2.236700 ms  DeleteObjects: 0.080700 ms)

========================================================================
Received Prepare
Registering precompiled user dll's ...
Registered in 0.000750 seconds.
Begin MonoManager ReloadAssembly
Native extension for WindowsStandalone target not found
Native extension for WebGL target not found
Refreshing native plugins compatible for Editor in 0.27 ms, found 0 plugins.
Preloading 0 native plugins for Editor in 0.00 ms.
Mono: successfully reloaded assembly
- Completed reload, in  0.907 seconds
Platform modules already initialized, skipping
Switching build target platform(19) subTarget(0) extendedPlatform(0) -> platform(13) subTarget(524288) extendedPlatform(0)
Refreshing native plugins compatible for Editor in 0.30 ms, found 0 plugins.
Preloading 0 native plugins for Editor in 0.00 ms.
Unloading 1456 Unused Serialized files (Serialized files now loaded: 0)
System memory in use before: 70.5 MB.
System memory in use after: 70.5 MB.

Unloading 7 unused Assets to reduce memory usage. Loaded Objects now: 1956.
Total: 2.046900 ms (FindLiveObjects: 0.151600 ms CreateObjectMapping: 0.042300 ms MarkObjects: 1.755800 ms  DeleteObjects: 0.096200 ms)

AssetImportParameters requested are different than current active one (requested -> active):
  custom:graphics/normal-map-encoding: 01000000000000000000000000000000 -> 02000000000000000000000000000000
========================================================================
Received Prepare
Refreshing native plugins compatible for Editor in 1.11 ms, found 0 plugins.
Preloading 0 native plugins for Editor in 0.00 ms.
Unloading 4 Unused Serialized files (Serialized files now loaded: 0)
System memory in use before: 41.6 MB.
System memory in use after: 41.6 MB.

Unloading 3 unused Assets to reduce memory usage. Loaded Objects now: 1957.
Total: 2.047700 ms (FindLiveObjects: 0.189600 ms CreateObjectMapping: 0.049200 ms MarkObjects: 1.724600 ms  DeleteObjects: 0.083600 ms)

========================================================================
Received Prepare
Registering precompiled user dll's ...
Registered in 0.000813 seconds.
Begin MonoManager ReloadAssembly
Native extension for WindowsStandalone target not found
Native extension for WebGL target not found
Refreshing native plugins compatible for Editor in 0.30 ms, found 0 plugins.
Preloading 0 native plugins for Editor in 0.00 ms.
Mono: successfully reloaded assembly
- Completed reload, in  0.895 seconds
Platform modules already initialized, skipping
Switching build target platform(19) subTarget(0) extendedPlatform(0) -> platform(13) subTarget(524288) extendedPlatform(0)
Refreshing native plugins compatible for Editor in 0.26 ms, found 0 plugins.
Preloading 0 native plugins for Editor in 0.00 ms.
Unloading 1456 Unused Serialized files (Serialized files now loaded: 0)
System memory in use before: 70.5 MB.
System memory in use after: 70.6 MB.

Unloading 6 unused Assets to reduce memory usage. Loaded Objects now: 1961.
Total: 2.075700 ms (FindLiveObjects: 0.147600 ms CreateObjectMapping: 0.042200 ms MarkObjects: 1.783100 ms  DeleteObjects: 0.101800 ms)

AssetImportParameters requested are different than current active one (requested -> active):
  custom:graphics/normal-map-encoding: 01000000000000000000000000000000 -> 02000000000000000000000000000000
========================================================================
Received Prepare
Refreshing native plugins compatible for Editor in 0.81 ms, found 0 plugins.
Preloading 0 native plugins for Editor in 0.00 ms.
Unloading 3 Unused Serialized files (Serialized files now loaded: 0)
System memory in use before: 41.5 MB.
System memory in use after: 41.6 MB.

Unloading 3 unused Assets to reduce memory usage. Loaded Objects now: 1961.
Total: 2.119100 ms (FindLiveObjects: 0.300000 ms CreateObjectMapping: 0.110000 ms MarkObjects: 1.651500 ms  DeleteObjects: 0.055700 ms)

========================================================================
Received Import Request.
  Time since last request: 1712.572169 seconds.
  path: Assets/ReferenceImageLibrary.asset
  artifactKey: Guid(6ee691a96b1f23c459d5a8d58a629e0c) Importer(815301076,1909f56bfc062723c751e8b465ee728b)
Start importing Assets/ReferenceImageLibrary.asset using Guid(6ee691a96b1f23c459d5a8d58a629e0c) Importer(815301076,1909f56bfc062723c751e8b465ee728b)  -> (artifact id: '9584c881f7c1f8d926eb385bd5da0628') in 0.029905 seconds
  Import took 0.033371 seconds .

========================================================================
Received Import Request.
  Time since last request: 0.745355 seconds.
  path: Assets/ReferenceImageLibrary.asset
  artifactKey: Guid(6ee691a96b1f23c459d5a8d58a629e0c) Importer(815301076,1909f56bfc062723c751e8b465ee728b)
Start importing Assets/ReferenceImageLibrary.asset using Guid(6ee691a96b1f23c459d5a8d58a629e0c) Importer(815301076,1909f56bfc062723c751e8b465ee728b)  -> (artifact id: '9584c881f7c1f8d926eb385bd5da0628') in 0.014509 seconds
  Import took 0.018077 seconds .

AssetImportWorkerClient::OnTransportError - code=2 error=End of file
